*** Using Compiler 'V5.06 update 5 (build 528)', folder: 'D:\keil5\ARM\ARMCC\Bin'
Build target 'robot-ZiDongFenJian'
compiling mycan.c...
compiling motor_basic.c...
compiling openmv.c...
compiling bsp.c...
compiling HW.c...
compiling servo.c...
compiling logger.c...
compiling motor_application.c...
compiling my_it.c...
compiling imu.c...
compiling TrackBoard.c...
compiling application_JT.c...
compiling application_LZ.c...
compiling QR_code.c...
compiling application_YPJ.c...
compiling application_common.c...
compiling application.c...
compiling application_HOME.c...
compiling application_CK.c...
compiling my_tasks.c...
compiling chassis.c...
compiling application_Route.c...
compiling PID.c...
compiling miniCMD.c...
compiling integraler.c...
linking...
Program Size: Code=48380 RO-data=7620 RW-data=496 ZI-data=11744  
"robot-ZiDongFenJian\robot-ZiDongFenJian.axf" - 0 Error(s), 0 Warning(s).
Build Time Elapsed:  00:00:18
